{
    "anamnese": {
        "ID_PESSOAFIS": 5,
        "ID_PROFISSIO": 2,
        "DATAANAM": "2025-05-31 10:00:00",
        "NOMERESP": "Eduardo Pires",
        "CPFRESP": "00000000000",
        "AUTVISIB": 1,
        "STATUSANM": 1,
        "STATUSFUNC": 1,
        "OBSERVACOES": "Nenhuma"
    },
    "respostas": [
        {
            "ID_PERGUNTA": 1,
            "RESPSUBJET": "kkkkkkkkkkkkkkkkkkk"
        },
        {
            "ID_PERGUNTA": 2,
            "RESPSUBJET": "kkkkkkkkkkkkkkkkk"
        },
        {
            "ID_PERGUNTA": 3,
            "RESPSUBJET": "kkkkkkkkkkkkkkkkkkkkkkkkkkkkkkk"
        }
    ]
}